<?xml version="1.0" encoding="UTF-8"?>
<testsuites>
  <testsuite name="Tests\Unit\Service\CategoryServiceTest" file="/var/www/html/inventory-ai/tests/Unit/Service/CategoryServiceTest.php" tests="14" assertions="20" errors="0" warnings="0" failures="0" skipped="0" time="0.011481">
    <testcase name="testGetSubcategories" class="Tests\Unit\Service\CategoryServiceTest" classname="Tests.Unit.Service.CategoryServiceTest" file="/var/www/html/inventory-ai/tests/Unit/Service/CategoryServiceTest.php" line="179" assertions="1" time="0.009217"/>
    <testcase name="testValidateCategoryData" class="Tests\Unit\Service\CategoryServiceTest" classname="Tests.Unit.Service.CategoryServiceTest" file="/var/www/html/inventory-ai/tests/Unit/Service/CategoryServiceTest.php" line="196" assertions="1" time="0.000193"/>
    <testcase name="testGetCategoryStatistics" class="Tests\Unit\Service\CategoryServiceTest" classname="Tests.Unit.Service.CategoryServiceTest" file="/var/www/html/inventory-ai/tests/Unit/Service/CategoryServiceTest.php" line="228" assertions="2" time="0.000277"/>
    <testcase name="testDeleteCategoryWithSubcategories" class="Tests\Unit\Service\CategoryServiceTest" classname="Tests.Unit.Service.CategoryServiceTest" file="/var/www/html/inventory-ai/tests/Unit/Service/CategoryServiceTest.php" line="138" assertions="2" time="0.000439"/>
    <testcase name="testCreateCategoryWithExistingSlug" class="Tests\Unit\Service\CategoryServiceTest" classname="Tests.Unit.Service.CategoryServiceTest" file="/var/www/html/inventory-ai/tests/Unit/Service/CategoryServiceTest.php" line="82" assertions="2" time="0.000201"/>
    <testcase name="testFindByIdWithValidId" class="Tests\Unit\Service\CategoryServiceTest" classname="Tests.Unit.Service.CategoryServiceTest" file="/var/www/html/inventory-ai/tests/Unit/Service/CategoryServiceTest.php" line="29" assertions="1" time="0.000094"/>
    <testcase name="testUpdateCategorySuccessfully" class="Tests\Unit\Service\CategoryServiceTest" classname="Tests.Unit.Service.CategoryServiceTest" file="/var/www/html/inventory-ai/tests/Unit/Service/CategoryServiceTest.php" line="99" assertions="1" time="0.000283"/>
    <testcase name="testFindByIdWithInvalidId" class="Tests\Unit\Service\CategoryServiceTest" classname="Tests.Unit.Service.CategoryServiceTest" file="/var/www/html/inventory-ai/tests/Unit/Service/CategoryServiceTest.php" line="47" assertions="2" time="0.000072"/>
    <testcase name="testSlugExists" class="Tests\Unit\Service\CategoryServiceTest" classname="Tests.Unit.Service.CategoryServiceTest" file="/var/www/html/inventory-ai/tests/Unit/Service/CategoryServiceTest.php" line="250" assertions="1" time="0.000112"/>
    <testcase name="testBulkUpdateStatus" class="Tests\Unit\Service\CategoryServiceTest" classname="Tests.Unit.Service.CategoryServiceTest" file="/var/www/html/inventory-ai/tests/Unit/Service/CategoryServiceTest.php" line="208" assertions="2" time="0.000092"/>
    <testcase name="testCategoryExists" class="Tests\Unit\Service\CategoryServiceTest" classname="Tests.Unit.Service.CategoryServiceTest" file="/var/www/html/inventory-ai/tests/Unit/Service/CategoryServiceTest.php" line="263" assertions="1" time="0.000072"/>
    <testcase name="testGetCategoryTree" class="Tests\Unit\Service\CategoryServiceTest" classname="Tests.Unit.Service.CategoryServiceTest" file="/var/www/html/inventory-ai/tests/Unit/Service/CategoryServiceTest.php" line="156" assertions="1" time="0.000063"/>
    <testcase name="testCreateCategorySuccessfully" class="Tests\Unit\Service\CategoryServiceTest" classname="Tests.Unit.Service.CategoryServiceTest" file="/var/www/html/inventory-ai/tests/Unit/Service/CategoryServiceTest.php" line="55" assertions="2" time="0.000240"/>
    <testcase name="testDeleteCategorySuccessfully" class="Tests\Unit\Service\CategoryServiceTest" classname="Tests.Unit.Service.CategoryServiceTest" file="/var/www/html/inventory-ai/tests/Unit/Service/CategoryServiceTest.php" line="117" assertions="1" time="0.000128"/>
  </testsuite>
</testsuites>
