<?xml version="1.0" encoding="UTF-8"?>
<testsuites>
  <testsuite name="Tests\Unit\Service\CategoryServiceTest" file="/var/www/html/inventory-ai/tests/Unit/Service/CategoryServiceTest.php" tests="14" assertions="20" errors="0" warnings="0" failures="0" skipped="0" time="0.053366">
    <testcase name="testCreateCategorySuccessfully" class="Tests\Unit\Service\CategoryServiceTest" classname="Tests.Unit.Service.CategoryServiceTest" file="/var/www/html/inventory-ai/tests/Unit/Service/CategoryServiceTest.php" line="55" assertions="2" time="0.039761"/>
    <testcase name="testDeleteCategorySuccessfully" class="Tests\Unit\Service\CategoryServiceTest" classname="Tests.Unit.Service.CategoryServiceTest" file="/var/www/html/inventory-ai/tests/Unit/Service/CategoryServiceTest.php" line="117" assertions="1" time="0.000340"/>
    <testcase name="testFindByIdWithValidId" class="Tests\Unit\Service\CategoryServiceTest" classname="Tests.Unit.Service.CategoryServiceTest" file="/var/www/html/inventory-ai/tests/Unit/Service/CategoryServiceTest.php" line="29" assertions="1" time="0.000085"/>
    <testcase name="testCategoryExists" class="Tests\Unit\Service\CategoryServiceTest" classname="Tests.Unit.Service.CategoryServiceTest" file="/var/www/html/inventory-ai/tests/Unit/Service/CategoryServiceTest.php" line="263" assertions="1" time="0.000077"/>
    <testcase name="testSlugExists" class="Tests\Unit\Service\CategoryServiceTest" classname="Tests.Unit.Service.CategoryServiceTest" file="/var/www/html/inventory-ai/tests/Unit/Service/CategoryServiceTest.php" line="250" assertions="1" time="0.000071"/>
    <testcase name="testBulkUpdateStatus" class="Tests\Unit\Service\CategoryServiceTest" classname="Tests.Unit.Service.CategoryServiceTest" file="/var/www/html/inventory-ai/tests/Unit/Service/CategoryServiceTest.php" line="208" assertions="2" time="0.000098"/>
    <testcase name="testCreateCategoryWithExistingSlug" class="Tests\Unit\Service\CategoryServiceTest" classname="Tests.Unit.Service.CategoryServiceTest" file="/var/www/html/inventory-ai/tests/Unit/Service/CategoryServiceTest.php" line="82" assertions="2" time="0.011596"/>
    <testcase name="testGetSubcategories" class="Tests\Unit\Service\CategoryServiceTest" classname="Tests.Unit.Service.CategoryServiceTest" file="/var/www/html/inventory-ai/tests/Unit/Service/CategoryServiceTest.php" line="179" assertions="1" time="0.000167"/>
    <testcase name="testGetCategoryTree" class="Tests\Unit\Service\CategoryServiceTest" classname="Tests.Unit.Service.CategoryServiceTest" file="/var/www/html/inventory-ai/tests/Unit/Service/CategoryServiceTest.php" line="156" assertions="1" time="0.000101"/>
    <testcase name="testUpdateCategorySuccessfully" class="Tests\Unit\Service\CategoryServiceTest" classname="Tests.Unit.Service.CategoryServiceTest" file="/var/www/html/inventory-ai/tests/Unit/Service/CategoryServiceTest.php" line="99" assertions="1" time="0.000561"/>
    <testcase name="testGetCategoryStatistics" class="Tests\Unit\Service\CategoryServiceTest" classname="Tests.Unit.Service.CategoryServiceTest" file="/var/www/html/inventory-ai/tests/Unit/Service/CategoryServiceTest.php" line="228" assertions="2" time="0.000221"/>
    <testcase name="testDeleteCategoryWithSubcategories" class="Tests\Unit\Service\CategoryServiceTest" classname="Tests.Unit.Service.CategoryServiceTest" file="/var/www/html/inventory-ai/tests/Unit/Service/CategoryServiceTest.php" line="138" assertions="2" time="0.000156"/>
    <testcase name="testValidateCategoryData" class="Tests\Unit\Service\CategoryServiceTest" classname="Tests.Unit.Service.CategoryServiceTest" file="/var/www/html/inventory-ai/tests/Unit/Service/CategoryServiceTest.php" line="196" assertions="1" time="0.000067"/>
    <testcase name="testFindByIdWithInvalidId" class="Tests\Unit\Service\CategoryServiceTest" classname="Tests.Unit.Service.CategoryServiceTest" file="/var/www/html/inventory-ai/tests/Unit/Service/CategoryServiceTest.php" line="47" assertions="2" time="0.000064"/>
  </testsuite>
</testsuites>
