<?xml version="1.0" encoding="UTF-8"?>
<testsuites>
  <testsuite name="Tests\Functional\Api\CategoryEndpointsTest" file="/var/www/html/inventory-ai/tests/Functional/Api/CategoryEndpointsTest.php" tests="12" assertions="27" errors="0" warnings="0" failures="0" skipped="0" time="0.012345">
    <testcase name="testGetCategoryNotFound" class="Tests\Functional\Api\CategoryEndpointsTest" classname="Tests.Functional.Api.CategoryEndpointsTest" file="/var/www/html/inventory-ai/tests/Functional/Api/CategoryEndpointsTest.php" line="95" assertions="2" time="0.010161"/>
    <testcase name="testListCategoriesSuccess" class="Tests\Functional\Api\CategoryEndpointsTest" classname="Tests.Functional.Api.CategoryEndpointsTest" file="/var/www/html/inventory-ai/tests/Functional/Api/CategoryEndpointsTest.php" line="51" assertions="3" time="0.000445"/>
    <testcase name="testGetSubcategories" class="Tests\Functional\Api\CategoryEndpointsTest" classname="Tests.Functional.Api.CategoryEndpointsTest" file="/var/www/html/inventory-ai/tests/Functional/Api/CategoryEndpointsTest.php" line="179" assertions="2" time="0.000193"/>
    <testcase name="testUpdateCategorySuccess" class="Tests\Functional\Api\CategoryEndpointsTest" classname="Tests.Functional.Api.CategoryEndpointsTest" file="/var/www/html/inventory-ai/tests/Functional/Api/CategoryEndpointsTest.php" line="134" assertions="2" time="0.000184"/>
    <testcase name="testGetStatistics" class="Tests\Functional\Api\CategoryEndpointsTest" classname="Tests.Functional.Api.CategoryEndpointsTest" file="/var/www/html/inventory-ai/tests/Functional/Api/CategoryEndpointsTest.php" line="288" assertions="2" time="0.000116"/>
    <testcase name="testGetCategoryTree" class="Tests\Functional\Api\CategoryEndpointsTest" classname="Tests.Functional.Api.CategoryEndpointsTest" file="/var/www/html/inventory-ai/tests/Functional/Api/CategoryEndpointsTest.php" line="159" assertions="2" time="0.000315"/>
    <testcase name="testBulkUpdateStatusWithInvalidIds" class="Tests\Functional\Api\CategoryEndpointsTest" classname="Tests.Functional.Api.CategoryEndpointsTest" file="/var/www/html/inventory-ai/tests/Functional/Api/CategoryEndpointsTest.php" line="241" assertions="2" time="0.000167"/>
    <testcase name="testGetCategorySuccess" class="Tests\Functional\Api\CategoryEndpointsTest" classname="Tests.Functional.Api.CategoryEndpointsTest" file="/var/www/html/inventory-ai/tests/Functional/Api/CategoryEndpointsTest.php" line="75" assertions="2" time="0.000111"/>
    <testcase name="testSearchCategories" class="Tests\Functional\Api\CategoryEndpointsTest" classname="Tests.Functional.Api.CategoryEndpointsTest" file="/var/www/html/inventory-ai/tests/Functional/Api/CategoryEndpointsTest.php" line="306" assertions="2" time="0.000167"/>
    <testcase name="testCreateCategorySuccess" class="Tests\Functional\Api\CategoryEndpointsTest" classname="Tests.Functional.Api.CategoryEndpointsTest" file="/var/www/html/inventory-ai/tests/Functional/Api/CategoryEndpointsTest.php" line="110" assertions="2" time="0.000152"/>
    <testcase name="testBulkUpdateStatus" class="Tests\Functional\Api\CategoryEndpointsTest" classname="Tests.Functional.Api.CategoryEndpointsTest" file="/var/www/html/inventory-ai/tests/Functional/Api/CategoryEndpointsTest.php" line="201" assertions="3" time="0.000135"/>
    <testcase name="testBulkUpdateStatusWithoutAuthentication" class="Tests\Functional\Api\CategoryEndpointsTest" classname="Tests.Functional.Api.CategoryEndpointsTest" file="/var/www/html/inventory-ai/tests/Functional/Api/CategoryEndpointsTest.php" line="256" assertions="3" time="0.000198"/>
  </testsuite>
</testsuites>
