<?xml version="1.0" encoding="UTF-8"?>
<testsuites>
  <testsuite name="Tests\Functional\Api\CategoryEndpointsTest" file="/var/www/html/inventory-ai/tests/Functional/Api/CategoryEndpointsTest.php" tests="10" assertions="20" errors="0" warnings="0" failures="1" skipped="0" time="0.012163">
    <testcase name="testBulkUpdateStatus" class="Tests\Functional\Api\CategoryEndpointsTest" classname="Tests.Functional.Api.CategoryEndpointsTest" file="/var/www/html/inventory-ai/tests/Functional/Api/CategoryEndpointsTest.php" line="181" assertions="1" time="0.010165">
      <failure type="PHPUnit\Framework\ExpectationFailedException">Tests\Functional\Api\CategoryEndpointsTest::testBulkUpdateStatus
Failed asserting that false is true.

/var/www/html/inventory-ai/tests/Functional/Api/CategoryEndpointsTest.php:199</failure>
    </testcase>
    <testcase name="testGetCategorySuccess" class="Tests\Functional\Api\CategoryEndpointsTest" classname="Tests.Functional.Api.CategoryEndpointsTest" file="/var/www/html/inventory-ai/tests/Functional/Api/CategoryEndpointsTest.php" line="55" assertions="2" time="0.000248"/>
    <testcase name="testGetCategoryNotFound" class="Tests\Functional\Api\CategoryEndpointsTest" classname="Tests.Functional.Api.CategoryEndpointsTest" file="/var/www/html/inventory-ai/tests/Functional/Api/CategoryEndpointsTest.php" line="75" assertions="2" time="0.000252"/>
    <testcase name="testGetStatistics" class="Tests\Functional\Api\CategoryEndpointsTest" classname="Tests.Functional.Api.CategoryEndpointsTest" file="/var/www/html/inventory-ai/tests/Functional/Api/CategoryEndpointsTest.php" line="203" assertions="2" time="0.000178"/>
    <testcase name="testGetSubcategories" class="Tests\Functional\Api\CategoryEndpointsTest" classname="Tests.Functional.Api.CategoryEndpointsTest" file="/var/www/html/inventory-ai/tests/Functional/Api/CategoryEndpointsTest.php" line="159" assertions="2" time="0.000317"/>
    <testcase name="testCreateCategorySuccess" class="Tests\Functional\Api\CategoryEndpointsTest" classname="Tests.Functional.Api.CategoryEndpointsTest" file="/var/www/html/inventory-ai/tests/Functional/Api/CategoryEndpointsTest.php" line="90" assertions="2" time="0.000333"/>
    <testcase name="testSearchCategories" class="Tests\Functional\Api\CategoryEndpointsTest" classname="Tests.Functional.Api.CategoryEndpointsTest" file="/var/www/html/inventory-ai/tests/Functional/Api/CategoryEndpointsTest.php" line="221" assertions="2" time="0.000110"/>
    <testcase name="testGetCategoryTree" class="Tests\Functional\Api\CategoryEndpointsTest" classname="Tests.Functional.Api.CategoryEndpointsTest" file="/var/www/html/inventory-ai/tests/Functional/Api/CategoryEndpointsTest.php" line="139" assertions="2" time="0.000310"/>
    <testcase name="testUpdateCategorySuccess" class="Tests\Functional\Api\CategoryEndpointsTest" classname="Tests.Functional.Api.CategoryEndpointsTest" file="/var/www/html/inventory-ai/tests/Functional/Api/CategoryEndpointsTest.php" line="114" assertions="2" time="0.000150"/>
    <testcase name="testListCategoriesSuccess" class="Tests\Functional\Api\CategoryEndpointsTest" classname="Tests.Functional.Api.CategoryEndpointsTest" file="/var/www/html/inventory-ai/tests/Functional/Api/CategoryEndpointsTest.php" line="31" assertions="3" time="0.000100"/>
  </testsuite>
</testsuites>
