<?xml version="1.0" encoding="UTF-8"?>
<testsuites>
  <testsuite name="Tests\Integration\Controller\DashboardControllerTest" file="/var/www/html/inventory-ai/tests/Integration/Controller/DashboardControllerTest.php" tests="6" assertions="20" errors="0" warnings="0" failures="0" skipped="0" time="0.015021">
    <testcase name="testGetMetricsServiceUnavailable" class="Tests\Integration\Controller\DashboardControllerTest" classname="Tests.Integration.Controller.DashboardControllerTest" file="/var/www/html/inventory-ai/tests/Integration/Controller/DashboardControllerTest.php" line="49" assertions="3" time="0.013356"/>
    <testcase name="testGetMetricsSuccess" class="Tests\Integration\Controller\DashboardControllerTest" classname="Tests.Integration.Controller.DashboardControllerTest" file="/var/www/html/inventory-ai/tests/Integration/Controller/DashboardControllerTest.php" line="30" assertions="5" time="0.000902"/>
    <testcase name="testGetHealth" class="Tests\Integration\Controller\DashboardControllerTest" classname="Tests.Integration.Controller.DashboardControllerTest" file="/var/www/html/inventory-ai/tests/Integration/Controller/DashboardControllerTest.php" line="64" assertions="2" time="0.000198"/>
    <testcase name="testUnexpectedError" class="Tests\Integration\Controller\DashboardControllerTest" classname="Tests.Integration.Controller.DashboardControllerTest" file="/var/www/html/inventory-ai/tests/Integration/Controller/DashboardControllerTest.php" line="111" assertions="4" time="0.000337"/>
    <testcase name="testClearCache" class="Tests\Integration\Controller\DashboardControllerTest" classname="Tests.Integration.Controller.DashboardControllerTest" file="/var/www/html/inventory-ai/tests/Integration/Controller/DashboardControllerTest.php" line="80" assertions="3" time="0.000109"/>
    <testcase name="testGetCacheStats" class="Tests\Integration\Controller\DashboardControllerTest" classname="Tests.Integration.Controller.DashboardControllerTest" file="/var/www/html/inventory-ai/tests/Integration/Controller/DashboardControllerTest.php" line="94" assertions="3" time="0.000119"/>
  </testsuite>
</testsuites>
